<?xml version="1.0" encoding="UTF-8"?>
<!-- Generated by org.testng.reporters.JUnitXMLReporter -->
<testsuite ignored="5" hostname="INBook_X1" failures="1" tests="2" name="Test2" time="0.02" errors="0" timestamp="2024-09-12T17:54:49 IST">
  <testcase classname="exeution.Test_execution" name="userloginscenario" time="0.003"/>
  <testcase classname="exeution.Test_execution" name="radiobutton" time="0.006">
    <failure type="java.lang.NullPointerException" message="Cannot invoke &amp;quot;org.openqa.selenium.SearchContext.findElement(org.openqa.selenium.By)&amp;quot; because &amp;quot;this.searchContext&amp;quot; is null">
      <![CDATA[java.lang.NullPointerException: Cannot invoke "org.openqa.selenium.SearchContext.findElement(org.openqa.selenium.By)" because "this.searchContext" is null
at org.openqa.selenium.support.pagefactory.DefaultElementLocator.findElement(DefaultElementLocator.java:68)
at org.openqa.selenium.support.pagefactory.internal.LocatingElementHandler.invoke(LocatingElementHandler.java:38)
at jdk.proxy2/jdk.proxy2.$Proxy13.click(Unknown Source)
at exeution.Test_execution.radiobutton(Test_execution.java:121)
at java.base/jdk.internal.reflect.DirectMethodHandleAccessor.invoke(DirectMethodHandleAccessor.java:104)
at java.base/java.lang.reflect.Method.invoke(Method.java:577)
at org.testng.internal.invokers.MethodInvocationHelper.invokeMethod(MethodInvocationHelper.java:141)
at org.testng.internal.invokers.TestInvoker.invokeMethod(TestInvoker.java:686)
at org.testng.internal.invokers.TestInvoker.invokeTestMethod(TestInvoker.java:230)
at org.testng.internal.invokers.MethodRunner.runInSequence(MethodRunner.java:63)
at org.testng.internal.invokers.TestInvoker$MethodInvocationAgent.invoke(TestInvoker.java:992)
at org.testng.internal.invokers.TestInvoker.invokeTestMethods(TestInvoker.java:203)
at org.testng.internal.invokers.TestMethodWorker.invokeTestMethods(TestMethodWorker.java:154)
at org.testng.internal.invokers.TestMethodWorker.run(TestMethodWorker.java:134)
at java.base/java.util.concurrent.Executors$RunnableAdapter.call(Executors.java:539)
at java.base/java.util.concurrent.FutureTask.run(FutureTask.java:264)
at org.testng.internal.thread.graph.TestNGFutureTask.run(TestNGFutureTask.java:22)
at java.base/java.util.concurrent.ThreadPoolExecutor.runWorker(ThreadPoolExecutor.java:1136)
at java.base/java.util.concurrent.ThreadPoolExecutor$Worker.run(ThreadPoolExecutor.java:635)
at java.base/java.lang.Thread.run(Thread.java:833)
]]>
    </failure>
  </testcase> <!-- radiobutton -->
  <testcase classname="exeution.Test_execution" name="Sendkeys" time="0.0">
    <ignored/>
  </testcase> <!-- Sendkeys -->
  <testcase classname="exeution.Test_execution" name="checkbox1" time="0.0">
    <ignored/>
  </testcase> <!-- checkbox1 -->
  <testcase classname="exeution.Test_execution" name="setupbrowsers" time="0.0">
    <ignored/>
  </testcase> <!-- setupbrowsers -->
  <testcase classname="exeution.Test_execution" name="date" time="0.0">
    <ignored/>
  </testcase> <!-- date -->
  <testcase classname="exeution.Test_execution" name="multicheckbox" time="0.0">
    <ignored/>
  </testcase> <!-- multicheckbox -->
</testsuite> <!-- Test2 -->
